Android/Blueteeth/OtherActivity/app/build/outputs/logs/manifest-merger-debug-report.txt
-- Merging decision tree log ---
manifest
ADDED from src\main\AndroidManifest.xml:2:1-32:12
	package
		ADDED from src\main\AndroidManifest.xml:4:2-27
		INJECTED from src\main\AndroidManifest.xml
		INJECTED from src\main\AndroidManifest.xml
	android:versionName
		ADDED from src\main\AndroidManifest.xml:6:2-27
		INJECTED from src\main\AndroidManifest.xml
		INJECTED from src\main\AndroidManifest.xml
	android:versionCode
		ADDED from src\main\AndroidManifest.xml:5:2-25
		INJECTED from src\main\AndroidManifest.xml
		INJECTED from src\main\AndroidManifest.xml
	xmlns:android
		ADDED from src\main\AndroidManifest.xml:3:2-60
uses-sdk
ADDED from src\main\AndroidManifest.xml:7:2-9:35
	android:targetSdkVersion
		ADDED from src\main\AndroidManifest.xml:9:3-32
		INJECTED from src\main\AndroidManifest.xml
		INJECTED from src\main\AndroidManifest.xml
	android:minSdkVersion
		ADDED from src\main\AndroidManifest.xml:8:3-29
		INJECTED from src\main\AndroidManifest.xml
		INJECTED from src\main\AndroidManifest.xml
application
ADDED from src\main\AndroidManifest.xml:10:2-31:16
	android:label
		ADDED from src\main\AndroidManifest.xml:12:3-35
	android:icon
		ADDED from src\main\AndroidManifest.xml:11:3-39
activity#org.crazyit.app.OtherActivity
ADDED from src\main\AndroidManifest.xml:13:1-21:12
	android:label
		ADDED from src\main\AndroidManifest.xml:15:2-34
	android:name
		ADDED from src\main\AndroidManifest.xml:14:2-31
intent-filter#android.intent.action.MAIN+android.intent.category.LAUNCHER
ADDED from src\main\AndroidManifest.xml:17:2-20:18
action#android.intent.action.MAIN
ADDED from src\main\AndroidManifest.xml:18:3-55
	android:name
		ADDED from src\main\AndroidManifest.xml:18:11-52
category#android.intent.category.LAUNCHER
ADDED from src\main\AndroidManifest.xml:19:3-63
	android:name
		ADDED from src\main\AndroidManifest.xml:19:13-60
activity#org.crazyit.app.ExpandableListActivityTest
ADDED from src\main\AndroidManifest.xml:23:1-26:12
	android:label
		ADDED from src\main\AndroidManifest.xml:25:2-24
	android:name
		ADDED from src\main\AndroidManifest.xml:24:2-44
activity#org.crazyit.app.PreferenceActivityTest
ADDED from src\main\AndroidManifest.xml:27:1-30:12
	android:label
		ADDED from src\main\AndroidManifest.xml:29:2-24
	android:name
		ADDED from src\main\AndroidManifest.xml:28:2-40